[0mGET /users/profile [36m304[0m 160.599 ms - -[0m
[0mGET /js/profile.js [36m304[0m 4.077 ms - -[0m
[0mGET /js/layout.js [36m304[0m 2.339 ms - -[0m
[0mGET /css/profile.css [32m200[0m 77.010 ms - -[0m
[0mGET /css/layout.css [32m200[0m 106.214 ms - -[0m
[0mGET /images/favicon.png [36m304[0m 2.479 ms - -[0m
[0mGET /users/show_all_notes [32m200[0m 31.474 ms - 354[0m
[0mGET /users/profile [36m304[0m 56.387 ms - -[0m
[0mGET /css/layout.css [32m200[0m 16.810 ms - -[0m
[0mGET /js/layout.js [36m304[0m 3.448 ms - -[0m
[0mGET /js/profile.js [32m200[0m 1.843 ms - 1469[0m
[0mGET /css/profile.css [32m200[0m 14.870 ms - -[0m
[0mGET /images/favicon.png [36m304[0m 1.655 ms - -[0m
[0mGET /users/show_all_notes [36m304[0m 24.458 ms - -[0m
[0mGET /users/delete_note/Screenshot%202022-11-02%20at%203.25.18%20PM.png_1674934313695 [33m404[0m 20.718 ms - 218[0m
[0mGET /users/profile [36m304[0m 42.452 ms - -[0m
[0mGET /js/profile.js [36m304[0m 4.512 ms - -[0m
[0mGET /js/layout.js [36m304[0m 3.104 ms - -[0m
[0mGET /css/layout.css [32m200[0m 39.965 ms - -[0m
[0mGET /css/profile.css [32m200[0m 11.330 ms - -[0m
[0mGET /images/favicon.png [36m304[0m 2.554 ms - -[0m
[0mGET /users/show_all_notes [36m304[0m 21.200 ms - -[0m
[0mGET /users/delete_note/Screenshot%202022-11-02%20at%203.25.18%20PM.png_1674934313695 [33m404[0m 32.897 ms - 218[0m
[0mGET /css/layout.css [32m200[0m 4.867 ms - 21[0m
[0mGET /css/profile.css [32m200[0m 5.226 ms - 30[0m
[0mGET /users/profile [36m304[0m 37.918 ms - -[0m
[0mGET /js/layout.js [36m304[0m 1.498 ms - -[0m
[0mGET /js/profile.js [32m200[0m 8.403 ms - 1549[0m
[0mGET /css/layout.css [32m200[0m 39.123 ms - -[0m
[0mGET /css/profile.css [32m200[0m 26.194 ms - -[0m
[0mGET /images/favicon.png [36m304[0m 6.169 ms - -[0m
[0mGET /users/show_all_notes [36m304[0m 31.641 ms - -[0m
[0mGET /users/profile [36m304[0m 35.033 ms - -[0m
[0mGET /css/profile.css [32m200[0m 53.699 ms - -[0m
[0mGET /css/layout.css [32m200[0m 68.741 ms - -[0m
[0mGET /js/profile.js [36m304[0m 2.024 ms - -[0m
[0mGET /js/layout.js [36m304[0m 0.956 ms - -[0m
[0mGET /images/favicon.png [36m304[0m 0.473 ms - -[0m
[0mGET /users/show_all_notes [36m304[0m 33.988 ms - -[0m
[0mGET /users/profile [36m304[0m 40.625 ms - -[0m
[0mDELETE /users/delete_note/Screenshot%202022-11-02%20at%203.25.18%20PM.png_1674934313695 [0m-[0m - ms - -[0m
[0mGET /css/layout.css [32m200[0m 12.162 ms - 21[0m
[0mGET /css/profile.css [32m200[0m 16.634 ms - 30[0m
[0mGET /js/profile.js [36m304[0m 1.394 ms - -[0m
[0mGET /js/layout.js [36m304[0m 0.753 ms - -[0m
[0mGET /images/favicon.png [36m304[0m 1.035 ms - -[0m
[0mGET /users/show_all_notes [32m200[0m 18.670 ms - 6[0m
[0mGET /users/show_all_notes [36m304[0m 17.566 ms - -[0m
[0mGET /users/profile [32m200[0m 237.676 ms - 923[0m
[0mGET /js/layout.js [36m304[0m 4.664 ms - -[0m
[0mGET /css/layout.css [32m200[0m 157.366 ms - -[0m
[0mGET /images/favicon.png [32m200[0m 3.141 ms - 25690[0m
[0mPOST /users/create_session [36m302[0m 108.476 ms - 72[0m
[0mGET /users/profile [32m200[0m 14.761 ms - 1606[0m
[0mGET /css/layout.css [32m200[0m 2.901 ms - 21[0m
[0mGET /js/layout.js [36m304[0m 1.008 ms - -[0m
[0mGET /js/profile.js [32m200[0m 7.510 ms - 1549[0m
[0mGET /css/profile.css [32m200[0m 10.575 ms - -[0m
[0mGET /users/show_all_notes [36m304[0m 9.912 ms - -[0m
[0mGET /users/show_all_notes [36m304[0m 8.606 ms - -[0m
