[0mGET /users/profile [32m200[0m 67.765 ms - 923[0m
[0mGET /css/layout.css [32m200[0m 13.896 ms - -[0m
[0mGET /js/layout.js [36m304[0m 5.832 ms - -[0m
[0mGET /users/signup [32m200[0m 30.516 ms - 1116[0m
[0mGET /css/layout.css [32m200[0m 10.046 ms - 21[0m
[0mGET /js/layout.js [36m304[0m 0.927 ms - -[0m
[0mPOST /users/create [36m302[0m 124.409 ms - 70[0m
[0mGET /users/signin [32m200[0m 7.013 ms - 1236[0m
[0mGET /css/layout.css [36m304[0m 3.606 ms - -[0m
[0mGET /js/layout.js [36m304[0m 0.454 ms - -[0m
[0mPOST /users/create_session [36m302[0m 26.627 ms - 72[0m
[0mGET /users/profile [32m200[0m 15.494 ms - 1606[0m
[0mGET /css/layout.css [36m304[0m 2.068 ms - -[0m
[0mGET /js/profile.js [36m304[0m 1.776 ms - -[0m
[0mGET /js/layout.js [36m304[0m 0.574 ms - -[0m
[0mGET /css/profile.css [32m200[0m 9.431 ms - -[0m
[0mGET /users/show_all_notes [32m200[0m 18.399 ms - 2[0m
[0mGET /users/show_all_notes [36m304[0m 12.350 ms - -[0m
[0mPOST /users/upload_notes [36m302[0m 13.599 ms - 58[0m
[0mGET /users/profile [32m200[0m 7.123 ms - 1295[0m
[0mGET /css/profile.css [32m200[0m 19.012 ms - 30[0m
[0mGET /css/layout.css [36m304[0m 3.233 ms - -[0m
[0mGET /js/profile.js [36m304[0m 2.077 ms - -[0m
[0mGET /js/layout.js [36m304[0m 1.455 ms - -[0m
[0mGET /users/show_all_notes [32m200[0m 15.030 ms - 302[0m
[0mGET /users/show_single_notes/physics [32m200[0m 22.103 ms - 1244[0m
[0mGET /css/layout.css [36m304[0m 1.303 ms - -[0m
[0mGET /js/layout.js [36m304[0m 0.965 ms - -[0m
[0mGET /js/notes.js [36m304[0m 3.634 ms - -[0m
[0mGET /css/notes.css [33m404[0m 11.750 ms - 152[0m
[0mGET /users/get_number_of_likes/Screenshot%202022-11-02%20at%203.25.18%20PM.png_1674934313695 [32m200[0m 18.482 ms - 21[0m
[0mGET /users/get_all_comments/Screenshot%202022-11-02%20at%203.25.18%20PM.png_1674934313695 [32m200[0m 23.251 ms - 2[0m
[0mGET /users/show_single_notes/physics [36m304[0m 49.880 ms - -[0m
[0mGET /css/layout.css [36m304[0m 2.103 ms - -[0m
[0mGET /css/notes.css [33m404[0m 9.998 ms - 152[0m
[0mGET /js/layout.js [36m304[0m 0.587 ms - -[0m
[0mGET /js/notes.js [36m304[0m 0.520 ms - -[0m
[0mGET /css/notes.css [33m404[0m 5.670 ms - 152[0m
[0mGET /users/get_number_of_likes/Screenshot%202022-11-02%20at%203.25.18%20PM.png_1674934313695 [36m304[0m 6.641 ms - -[0m
[0mGET /users/get_all_comments/Screenshot%202022-11-02%20at%203.25.18%20PM.png_1674934313695 [36m304[0m 7.090 ms - -[0m
[0mGET /images/favicon.png [36m304[0m 0.372 ms - -[0m
[0mGET /users/profile [36m304[0m 13.313 ms - -[0m
[0mGET /css/layout.css [36m304[0m 1.182 ms - -[0m
[0mGET /js/profile.js [36m304[0m 2.248 ms - -[0m
[0mGET /js/layout.js [36m304[0m 0.665 ms - -[0m
[0mGET /css/profile.css [36m304[0m 7.298 ms - -[0m
[0mGET /images/favicon.png [36m304[0m 0.802 ms - -[0m
[0mGET /users/profile [36m304[0m 42.171 ms - -[0m
[0mGET /js/profile.js [36m304[0m 2.684 ms - -[0m
[0mGET /js/layout.js [36m304[0m 1.010 ms - -[0m
[0mGET /css/profile.css [32m200[0m 41.095 ms - -[0m
[0mGET /css/layout.css [32m200[0m 40.127 ms - -[0m
[0mGET /images/favicon.png [36m304[0m 7.614 ms - -[0m
[0mGET /users/show_all_notes [36m304[0m 17.603 ms - -[0m
[0mGET /users/show_single_notes/physics [36m304[0m 44.440 ms - -[0m
[0mGET /js/layout.js [36m304[0m 0.707 ms - -[0m
[0mGET /js/notes.js [36m304[0m 0.912 ms - -[0m
[0mGET /css/layout.css [32m200[0m 19.333 ms - 21[0m
[0mGET /css/notes.css [33m404[0m 14.964 ms - 152[0m
[0mGET /css/notes.css [33m404[0m 9.513 ms - 152[0m
[0mGET /users/get_number_of_likes/Screenshot%202022-11-02%20at%203.25.18%20PM.png_1674934313695 [36m304[0m 18.584 ms - -[0m
[0mGET /users/get_all_comments/Screenshot%202022-11-02%20at%203.25.18%20PM.png_1674934313695 [36m304[0m 21.426 ms - -[0m
[0mGET /users/show_single_notes/physics [36m304[0m 44.097 ms - -[0m
[0mGET /css/notes.css [33m404[0m 9.903 ms - 152[0m
[0mGET /js/layout.js [36m304[0m 1.932 ms - -[0m
[0mGET /js/notes.js [36m304[0m 1.472 ms - -[0m
[0mGET /css/layout.css [32m200[0m 33.405 ms - -[0m
[0mGET /css/notes.css [33m404[0m 12.515 ms - 152[0m
[0mGET /users/get_all_comments/Screenshot%202022-11-02%20at%203.25.18%20PM.png_1674934313695 [36m304[0m 21.778 ms - -[0m
[0mGET /users/get_number_of_likes/Screenshot%202022-11-02%20at%203.25.18%20PM.png_1674934313695 [36m304[0m 25.470 ms - -[0m
[0mGET /images/favicon.png [36m304[0m 2.496 ms - -[0m
[0mGET /users/show_single_notes/physics [36m304[0m 37.062 ms - -[0m
[0mGET /js/notes.js [36m304[0m 2.017 ms - -[0m
[0mGET /js/layout.js [36m304[0m 1.576 ms - -[0m
[0mGET /css/notes.css [33m404[0m 11.347 ms - 152[0m
[0mGET /css/layout.css [32m200[0m 44.162 ms - -[0m
[0mGET /css/notes.css [33m404[0m 8.634 ms - 152[0m
[0mGET /users/get_number_of_likes/Screenshot%202022-11-02%20at%203.25.18%20PM.png_1674934313695 [32m200[0m 11.838 ms - 21[0m
[0mGET /users/get_all_comments/Screenshot%202022-11-02%20at%203.25.18%20PM.png_1674934313695 [36m304[0m 14.778 ms - -[0m
[0mGET /images/favicon.png [36m304[0m 2.704 ms - -[0m
[0mGET /users/profile [36m304[0m 41.596 ms - -[0m
[0mGET /css/layout.css [32m200[0m 8.892 ms - 21[0m
[0mGET /js/profile.js [36m304[0m 3.714 ms - -[0m
[0mGET /js/layout.js [36m304[0m 3.159 ms - -[0m
[0mGET /css/profile.css [32m200[0m 14.873 ms - -[0m
[0mGET /images/favicon.png [36m304[0m 1.174 ms - -[0m
[0mGET /users/show_all_notes [32m200[0m 20.262 ms - 328[0m
[0mGET /users/show_single_notes/physics [36m304[0m 25.763 ms - -[0m
[0mGET /css/layout.css [36m304[0m 1.690 ms - -[0m
[0mGET /js/notes.js [36m304[0m 4.663 ms - -[0m
[0mGET /js/layout.js [36m304[0m 4.716 ms - -[0m
[0mGET /css/notes.css [33m404[0m 13.115 ms - 152[0m
[0mGET /users/get_all_comments/Screenshot%202022-11-02%20at%203.25.18%20PM.png_1674934313695 [36m304[0m 21.338 ms - -[0m
[0mGET /users/get_number_of_likes/Screenshot%202022-11-02%20at%203.25.18%20PM.png_1674934313695 [36m304[0m 20.414 ms - -[0m
[0mGET /css/layout.css [32m200[0m 13.511 ms - -[0m
[0mGET /css/notes.css [33m404[0m 33.368 ms - 152[0m
[0mGET /users/show_single_notes/physics [36m304[0m 204.285 ms - -[0m
[0mGET /css/notes.css [33m404[0m 18.866 ms - 152[0m
[0mGET /js/layout.js [36m304[0m 3.181 ms - -[0m
[0mGET /js/notes.js [32m200[0m 58.969 ms - 2693[0m
[0mGET /css/layout.css [32m200[0m 135.701 ms - -[0m
[0mGET /css/notes.css [33m404[0m 11.686 ms - 152[0m
[0mGET /users/get_number_of_likes/Screenshot%202022-11-02%20at%203.25.18%20PM.png_1674934313695 [36m304[0m 27.427 ms - -[0m
[0mGET /users/get_all_comments/Screenshot%202022-11-02%20at%203.25.18%20PM.png_1674934313695 [36m304[0m 30.146 ms - -[0m
[0mGET /images/favicon.png [36m304[0m 2.978 ms - -[0m
[0mGET /users/profile [36m304[0m 26.712 ms - -[0m
[0mGET /css/layout.css [32m200[0m 8.965 ms - -[0m
[0mGET /js/profile.js [36m304[0m 1.963 ms - -[0m
[0mGET /js/layout.js [36m304[0m 0.901 ms - -[0m
[0mGET /css/profile.css [32m200[0m 11.350 ms - -[0m
[0mGET /images/favicon.png [36m304[0m 4.113 ms - -[0m
[0mGET /users/show_all_notes [36m304[0m 23.396 ms - -[0m
[0mGET /users/show_single_notes/physics [36m304[0m 34.854 ms - -[0m
[0mGET /css/layout.css [32m200[0m 6.484 ms - 21[0m
[0mGET /js/layout.js [36m304[0m 1.840 ms - -[0m
[0mGET /js/notes.js [32m200[0m 4.493 ms - 2640[0m
[0mGET /css/notes.css [33m404[0m 16.525 ms - 152[0m
[0mGET /css/notes.css [33m404[0m 7.378 ms - 152[0m
[0mGET /users/get_number_of_likes/Screenshot%202022-11-02%20at%203.25.18%20PM.png_1674934313695 [36m304[0m 24.521 ms - -[0m
[0mGET /users/get_all_comments/Screenshot%202022-11-02%20at%203.25.18%20PM.png_1674934313695 [36m304[0m 30.019 ms - -[0m
[0mGET /users/profile [36m304[0m 41.175 ms - -[0m
[0mGET /css/layout.css [36m304[0m 1.718 ms - -[0m
[0mGET /js/profile.js [36m304[0m 2.855 ms - -[0m
[0mGET /js/layout.js [36m304[0m 0.805 ms - -[0m
[0mGET /css/profile.css [32m200[0m 10.462 ms - 30[0m
[0mGET /images/favicon.png [36m304[0m 2.799 ms - -[0m
[0mGET /users/show_all_notes [36m304[0m 18.163 ms - -[0m
[0mGET /users/show_single_notes/physics [36m304[0m 25.161 ms - -[0m
[0mGET /css/layout.css [36m304[0m 7.182 ms - -[0m
[0mGET /js/layout.js [36m304[0m 4.993 ms - -[0m
[0mGET /js/notes.js [36m304[0m 1.762 ms - -[0m
[0mGET /css/notes.css [33m404[0m 20.894 ms - 152[0m
[0mGET /css/notes.css [33m404[0m 9.222 ms - 152[0m
[0mGET /users/get_number_of_likes/Screenshot%202022-11-02%20at%203.25.18%20PM.png_1674934313695 [36m304[0m 24.400 ms - -[0m
[0mGET /users/get_all_comments/Screenshot%202022-11-02%20at%203.25.18%20PM.png_1674934313695 [36m304[0m 24.542 ms - -[0m
