[0mGET /users/profile [33m404[0m 8.504 ms - 152[0m
[0mGET /users/signup [32m200[0m 27.355 ms - 1117[0m
[0mGET /js/layout.js [36m304[0m 1.660 ms - -[0m
[0mGET /css/layout.css [32m200[0m 87.110 ms - -[0m
[0mGET /images/favicon.png [32m200[0m 24.900 ms - 25690[0m
[0mGET /users/signin [32m200[0m 10.754 ms - 924[0m
[0mGET /js/layout.js [36m304[0m 1.081 ms - -[0m
[0mGET /css/layout.css [32m200[0m 3.767 ms - 21[0m
[0mGET /js/layout.js [36m304[0m 1.484 ms - -[0m
[0mPOST /users/create_session [36m302[0m 60.452 ms - 122[0m
[0mGET /users/profile/63de606dba24e58d43efb8ea [32m200[0m 15.125 ms - 1716[0m
[0mGET /css/layout.css [36m304[0m 1.371 ms - -[0m
[0mGET /js/layout.js [36m304[0m 0.448 ms - -[0m
[0mGET /js/profile.js [32m200[0m 4.877 ms - 2765[0m
[0mGET /css/profile.css [32m200[0m 6.082 ms - -[0m
[0mGET /users/get_all_users [36m304[0m 19.026 ms - -[0m
[0mGET /users/show_all_notes/63de606dba24e58d43efb8ea [32m200[0m 33.636 ms - 1557[0m
[0mGET /users/profile/63dfc0c716b5a5393d682bd1 [32m200[0m 7.539 ms - 1405[0m
[0mGET /css/layout.css [36m304[0m 1.235 ms - -[0m
[0mGET /js/layout.js [36m304[0m 1.062 ms - -[0m
[0mGET /js/profile.js [36m304[0m 0.605 ms - -[0m
[0mGET /css/profile.css [32m200[0m 3.666 ms - 30[0m
[0mGET /users/get_all_users [36m304[0m 9.205 ms - -[0m
[0mGET /users/show_all_notes/63dfc0c716b5a5393d682bd1 [36m304[0m 4.930 ms - -[0m
[0mGET /users/profile/63de606dba24e58d43efb8ea [32m200[0m 4.988 ms - 1405[0m
[0mGET /css/layout.css [36m304[0m 0.460 ms - -[0m
[0mGET /js/profile.js [36m304[0m 0.771 ms - -[0m
[0mGET /js/layout.js [36m304[0m 0.746 ms - -[0m
[0mGET /css/profile.css [36m304[0m 2.061 ms - -[0m
[0mGET /users/get_all_users [36m304[0m 10.177 ms - -[0m
[0mGET /users/show_all_notes/63de606dba24e58d43efb8ea [36m304[0m 15.442 ms - -[0m
[0mGET /users/profile/63e66eedce7129b3a3c7a245 [32m200[0m 6.637 ms - 1405[0m
[0mGET /css/layout.css [36m304[0m 0.761 ms - -[0m
[0mGET /js/profile.js [36m304[0m 0.707 ms - -[0m
[0mGET /js/layout.js [36m304[0m 0.647 ms - -[0m
[0mGET /css/profile.css [36m304[0m 1.215 ms - -[0m
[0mGET /users/get_all_users [36m304[0m 7.662 ms - -[0m
[0mGET /users/show_all_notes/63e66eedce7129b3a3c7a245 [36m304[0m 7.740 ms - -[0m
[0mGET /users/profile/63dfc0c716b5a5393d682bd1 [36m304[0m 6.249 ms - -[0m
[0mGET /css/layout.css [36m304[0m 2.089 ms - -[0m
[0mGET /js/profile.js [36m304[0m 0.853 ms - -[0m
[0mGET /css/profile.css [36m304[0m 2.406 ms - -[0m
[0mGET /js/layout.js [36m304[0m 0.518 ms - -[0m
[0mGET /users/show_all_notes/63dfc0c716b5a5393d682bd1 [36m304[0m 6.915 ms - -[0m
[0mGET /users/get_all_users [36m304[0m 8.277 ms - -[0m
[0mGET /users/profile/63e66eedce7129b3a3c7a245 [36m304[0m 5.243 ms - -[0m
[0mGET /css/layout.css [36m304[0m 1.139 ms - -[0m
[0mGET /js/layout.js [36m304[0m 0.442 ms - -[0m
[0mGET /js/profile.js [36m304[0m 0.471 ms - -[0m
[0mGET /css/profile.css [36m304[0m 1.393 ms - -[0m
[0mGET /users/get_all_users [36m304[0m 6.535 ms - -[0m
[0mGET /users/show_all_notes/63e66eedce7129b3a3c7a245 [36m304[0m 8.132 ms - -[0m
[0mGET /users/profile/63e66eedce7129b3a3c7a245 [36m304[0m 4.859 ms - -[0m
[0mGET /css/layout.css [36m304[0m 0.628 ms - -[0m
[0mGET /js/profile.js [36m304[0m 0.520 ms - -[0m
[0mGET /js/layout.js [36m304[0m 0.650 ms - -[0m
[0mGET /css/profile.css [36m304[0m 2.472 ms - -[0m
[0mGET /users/show_all_notes/63e66eedce7129b3a3c7a245 [36m304[0m 5.330 ms - -[0m
[0mGET /users/get_all_users [36m304[0m 6.589 ms - -[0m
[0mGET /users/profile/63de606dba24e58d43efb8ea [36m304[0m 8.750 ms - -[0m
[0mGET /css/layout.css [36m304[0m 1.150 ms - -[0m
[0mGET /js/profile.js [36m304[0m 0.691 ms - -[0m
[0mGET /js/layout.js [36m304[0m 0.218 ms - -[0m
[0mGET /css/profile.css [36m304[0m 1.053 ms - -[0m
[0mGET /users/get_all_users [36m304[0m 9.591 ms - -[0m
[0mGET /users/show_all_notes/63de606dba24e58d43efb8ea [36m304[0m 14.431 ms - -[0m
[0mGET /users/profile/63de606dba24e58d43efb8ea [36m304[0m 30.165 ms - -[0m
[0mGET /css/layout.css [36m304[0m 0.876 ms - -[0m
[0mGET /css/profile.css [36m304[0m 0.871 ms - -[0m
[0mGET /js/profile.js [36m304[0m 0.410 ms - -[0m
[0mGET /js/layout.js [36m304[0m 0.355 ms - -[0m
[0mGET /users/get_all_users [36m304[0m 10.383 ms - -[0m
[0mGET /users/show_all_notes/63de606dba24e58d43efb8ea [36m304[0m 14.452 ms - -[0m
[0mGET /users/profile/63dfc0c716b5a5393d682bd1 [36m304[0m 7.098 ms - -[0m
[0mGET /css/layout.css [36m304[0m 9.148 ms - -[0m
[0mGET /css/profile.css [36m304[0m 1.108 ms - -[0m
[0mGET /js/profile.js [36m304[0m 1.348 ms - -[0m
[0mGET /js/layout.js [36m304[0m 1.442 ms - -[0m
[0mGET /users/get_all_users [36m304[0m 15.830 ms - -[0m
[0mGET /users/show_all_notes/63dfc0c716b5a5393d682bd1 [36m304[0m 15.818 ms - -[0m
[0mGET /users/profile/63e66eedce7129b3a3c7a245 [36m304[0m 8.494 ms - -[0m
[0mGET /css/layout.css [36m304[0m 0.871 ms - -[0m
[0mGET /js/profile.js [36m304[0m 0.692 ms - -[0m
[0mGET /js/layout.js [36m304[0m 0.443 ms - -[0m
[0mGET /css/profile.css [36m304[0m 1.012 ms - -[0m
[0mGET /users/show_all_notes/63e66eedce7129b3a3c7a245 [36m304[0m 6.913 ms - -[0m
[0mGET /users/get_all_users [36m304[0m 6.569 ms - -[0m
[0mGET /users/profile/63de606dba24e58d43efb8ea [36m304[0m 5.232 ms - -[0m
[0mGET /css/profile.css [36m304[0m 0.805 ms - -[0m
[0mGET /js/profile.js [36m304[0m 0.558 ms - -[0m
[0mGET /js/layout.js [36m304[0m 0.456 ms - -[0m
[0mGET /css/layout.css [36m304[0m 1.317 ms - -[0m
[0mGET /users/get_all_users [36m304[0m 8.286 ms - -[0m
[0mGET /users/show_all_notes/63de606dba24e58d43efb8ea [36m304[0m 15.280 ms - -[0m
[0mGET /users/profile/63e66eedce7129b3a3c7a245 [36m304[0m 5.292 ms - -[0m
[0mGET /css/layout.css [36m304[0m 3.408 ms - -[0m
[0mGET /js/layout.js [36m304[0m 0.510 ms - -[0m
[0mGET /js/profile.js [36m304[0m 0.423 ms - -[0m
[0mGET /css/profile.css [36m304[0m 0.666 ms - -[0m
[0mGET /users/show_all_notes/63e66eedce7129b3a3c7a245 [36m304[0m 10.031 ms - -[0m
[0mGET /users/get_all_users [36m304[0m 11.530 ms - -[0m
[0mGET /users/profile/63de606dba24e58d43efb8ea [36m304[0m 7.931 ms - -[0m
[0mGET /css/layout.css [36m304[0m 1.085 ms - -[0m
[0mGET /js/layout.js [36m304[0m 0.466 ms - -[0m
[0mGET /js/profile.js [36m304[0m 0.476 ms - -[0m
[0mGET /css/profile.css [36m304[0m 1.978 ms - -[0m
[0mGET /users/get_all_users [36m304[0m 15.403 ms - -[0m
[0mGET /users/show_all_notes/63de606dba24e58d43efb8ea [36m304[0m 25.978 ms - -[0m
[0mGET /users/profile/63de606dba24e58d43efb8ea [36m304[0m 35.067 ms - -[0m
[0mGET /js/profile.js [36m304[0m 5.766 ms - -[0m
[0mGET /js/layout.js [36m304[0m 1.079 ms - -[0m
[0mGET /css/layout.css [32m200[0m 47.646 ms - -[0m
[0mGET /css/profile.css [32m200[0m 50.707 ms - -[0m
[0mGET /images/favicon.png [36m304[0m 1.615 ms - -[0m
[0mGET /users/get_all_users [36m304[0m 18.080 ms - -[0m
[0mGET /users/show_all_notes/63de606dba24e58d43efb8ea [36m304[0m 21.377 ms - -[0m
[0mPOST /users/upload_notes [36m302[0m 13.122 ms - 58[0m
[0mGET /users/profile [33m404[0m 6.891 ms - 152[0m
[0mGET /users/profile/63de606dba24e58d43efb8ea [36m304[0m 50.473 ms - -[0m
[0mGET /css/layout.css [32m200[0m 7.012 ms - -[0m
[0mGET /js/profile.js [36m304[0m 2.266 ms - -[0m
[0mGET /css/profile.css [32m200[0m 5.126 ms - -[0m
[0mGET /js/layout.js [36m304[0m 1.300 ms - -[0m
[0mGET /images/favicon.png [36m304[0m 4.554 ms - -[0m
[0mGET /users/get_all_users [36m304[0m 14.650 ms - -[0m
[0mGET /users/show_all_notes/63de606dba24e58d43efb8ea [36m304[0m 26.451 ms - -[0m
[0mPOST /users/upload_notes [36m302[0m 12.984 ms - 122[0m
[0mGET /users/profile/63de606dba24e58d43efb8ea [36m304[0m 8.248 ms - -[0m
[0mGET /css/layout.css [32m200[0m 3.901 ms - 21[0m
[0mGET /css/profile.css [32m200[0m 3.490 ms - 30[0m
[0mGET /js/profile.js [36m304[0m 0.695 ms - -[0m
[0mGET /js/layout.js [36m304[0m 0.544 ms - -[0m
[0mGET /users/get_all_users [36m304[0m 10.842 ms - -[0m
[0mGET /users/show_all_notes/63de606dba24e58d43efb8ea [36m304[0m 16.713 ms - -[0m
[0mPOST /users/upload_notes [36m302[0m 23.632 ms - 122[0m
[0mGET /users/profile/63de606dba24e58d43efb8ea [36m304[0m 16.230 ms - -[0m
[0mGET /js/profile.js [36m304[0m 4.962 ms - -[0m
[0mGET /js/layout.js [36m304[0m 1.726 ms - -[0m
[0mGET /css/layout.css [32m200[0m 30.727 ms - -[0m
[0mGET /css/profile.css [32m200[0m 12.607 ms - -[0m
[0mGET /users/get_all_users [36m304[0m 21.083 ms - -[0m
[0mGET /users/show_all_notes/63de606dba24e58d43efb8ea [36m304[0m 26.533 ms - -[0m
[0mGET /users/profile/63de606dba24e58d43efb8ea [36m304[0m 35.026 ms - -[0m
[0mGET /css/layout.css [32m200[0m 11.552 ms - -[0m
[0mGET /js/profile.js [36m304[0m 2.228 ms - -[0m
[0mGET /js/layout.js [36m304[0m 0.902 ms - -[0m
[0mGET /css/profile.css [32m200[0m 24.910 ms - -[0m
[0mGET /images/favicon.png [36m304[0m 4.143 ms - -[0m
[0mGET /users/get_all_users [36m304[0m 18.919 ms - -[0m
[0mGET /users/show_all_notes/63de606dba24e58d43efb8ea [36m304[0m 25.607 ms - -[0m
[0mPOST /users/upload_notes [36m302[0m 17.484 ms - 122[0m
[0mGET /users/profile/63de606dba24e58d43efb8ea [36m304[0m 14.699 ms - -[0m
[0mGET /css/layout.css [32m200[0m 3.600 ms - 21[0m
[0mGET /css/profile.css [32m200[0m 2.640 ms - 30[0m
[0mGET /js/profile.js [36m304[0m 1.435 ms - -[0m
[0mGET /js/layout.js [36m304[0m 0.710 ms - -[0m
[0mGET /users/get_all_users [36m304[0m 26.365 ms - -[0m
[0mGET /users/show_all_notes/63de606dba24e58d43efb8ea [32m200[0m 32.339 ms - 1877[0m
[0mGET /users/logout [36m302[0m 14.537 ms - 70[0m
[0mGET /users/signin [36m304[0m 14.491 ms - -[0m
[0mGET /js/layout.js [36m304[0m 2.200 ms - -[0m
[0mGET /css/layout.css [32m200[0m 15.328 ms - -[0m
[0mGET /users/signup [36m304[0m 14.283 ms - -[0m
[0mGET /js/layout.js [36m304[0m 0.568 ms - -[0m
[0mGET /css/layout.css [32m200[0m 3.497 ms - 21[0m
[0mGET /js/layout.js [36m304[0m 0.321 ms - -[0m
[0mPOST /users/create [36m302[0m 93.806 ms - 70[0m
[0mGET /users/signin [32m200[0m 8.379 ms - 1237[0m
[0mGET /css/layout.css [36m304[0m 10.345 ms - -[0m
[0mGET /js/layout.js [36m304[0m 0.424 ms - -[0m
[0mPOST /users/create_session [36m302[0m 10.577 ms - 122[0m
[0mGET /users/profile/63fa1f574fac8ac4125c770c [32m200[0m 9.701 ms - 1716[0m
[0mGET /css/layout.css [36m304[0m 3.336 ms - -[0m
[0mGET /js/layout.js [36m304[0m 1.674 ms - -[0m
[0mGET /css/profile.css [32m200[0m 4.706 ms - -[0m
[0mGET /js/profile.js [36m304[0m 1.074 ms - -[0m
[0mGET /users/show_all_notes/63fa1f574fac8ac4125c770c [32m200[0m 28.356 ms - 2[0m
[0mGET /users/get_all_users [32m200[0m 16.798 ms - 55[0m
[0mPOST /users/upload_notes [36m302[0m 19.392 ms - 122[0m
[0mGET /users/profile/63fa1f574fac8ac4125c770c [32m200[0m 6.717 ms - 1405[0m
[0mGET /js/profile.js [36m304[0m 1.934 ms - -[0m
[0mGET /css/profile.css [32m200[0m 6.519 ms - 30[0m
[0mGET /js/layout.js [36m304[0m 0.535 ms - -[0m
[0mGET /css/layout.css [36m304[0m 1.689 ms - -[0m
[0mGET /users/get_all_users [36m304[0m 9.762 ms - -[0m
[0mGET /users/show_all_notes/63fa1f574fac8ac4125c770c [32m200[0m 12.073 ms - 321[0m
[0mPOST /users/upload_notes [36m302[0m 23.579 ms - 122[0m
[0mGET /users/profile/63fa1f574fac8ac4125c770c [36m304[0m 27.424 ms - -[0m
[0mGET /js/profile.js [36m304[0m 2.636 ms - -[0m
[0mGET /js/layout.js [36m304[0m 3.194 ms - -[0m
[0mGET /css/layout.css [32m200[0m 23.347 ms - -[0m
[0mGET /css/profile.css [32m200[0m 26.671 ms - -[0m
[0mGET /users/show_all_notes/63fa1f574fac8ac4125c770c [32m200[0m 20.982 ms - 582[0m
[0mGET /users/get_all_users [36m304[0m 21.396 ms - -[0m
[0mPOST /users/upload_notes [36m302[0m 11.848 ms - 122[0m
[0mGET /users/profile/63fa1f574fac8ac4125c770c [36m304[0m 13.596 ms - -[0m
[0mGET /css/layout.css [32m200[0m 12.473 ms - 21[0m
[0mGET /css/profile.css [32m200[0m 12.454 ms - 30[0m
[0mGET /js/profile.js [36m304[0m 1.398 ms - -[0m
[0mGET /js/layout.js [36m304[0m 0.738 ms - -[0m
[0mGET /users/get_all_users [36m304[0m 42.432 ms - -[0m
[0mGET /users/show_all_notes/63fa1f574fac8ac4125c770c [32m200[0m 51.083 ms - 868[0m
[0mPOST /users/upload_notes [31m500[0m 27.202 ms - 1348[0m
[0mGET /users/profile/63fa1f574fac8ac4125c770c [36m304[0m 37.616 ms - -[0m
[0mGET /css/layout.css [32m200[0m 8.937 ms - -[0m
[0mGET /js/profile.js [36m304[0m 2.764 ms - -[0m
[0mGET /css/profile.css [32m200[0m 5.660 ms - -[0m
[0mGET /js/layout.js [36m304[0m 1.124 ms - -[0m
[0mGET /images/favicon.png [36m304[0m 3.014 ms - -[0m
[0mGET /users/get_all_users [36m304[0m 16.517 ms - -[0m
[0mGET /users/show_all_notes/63fa1f574fac8ac4125c770c [36m304[0m 28.581 ms - -[0m
[0mPOST /users/upload_notes [36m302[0m 16.910 ms - 122[0m
[0mGET /users/profile/63fa1f574fac8ac4125c770c [36m304[0m 13.492 ms - -[0m
[0mGET /css/layout.css [32m200[0m 6.567 ms - 21[0m
[0mGET /css/profile.css [32m200[0m 5.985 ms - 30[0m
[0mGET /js/profile.js [36m304[0m 1.725 ms - -[0m
[0mGET /js/layout.js [36m304[0m 0.443 ms - -[0m
[0mGET /users/get_all_users [36m304[0m 9.816 ms - -[0m
[0mGET /users/show_all_notes/63fa1f574fac8ac4125c770c [32m200[0m 17.247 ms - 1188[0m
[0mPOST /users/upload_notes [36m302[0m 26.658 ms - 122[0m
[0mGET /users/profile/63fa1f574fac8ac4125c770c [36m304[0m 29.298 ms - -[0m
[0mGET /css/layout.css [32m200[0m 29.272 ms - -[0m
[0mGET /js/layout.js [36m304[0m 3.945 ms - -[0m
[0mGET /css/profile.css [32m200[0m 39.983 ms - -[0m
[0mGET /js/profile.js [36m304[0m 1.744 ms - -[0m
[0mGET /users/get_all_users [36m304[0m 13.433 ms - -[0m
[0mGET /users/show_all_notes/63fa1f574fac8ac4125c770c [32m200[0m 22.974 ms - 1465[0m
[0mPOST /users/upload_notes [36m302[0m 8.132 ms - 122[0m
[0mGET /users/profile/63fa1f574fac8ac4125c770c [36m304[0m 9.332 ms - -[0m
[0mGET /css/layout.css [32m200[0m 8.726 ms - 21[0m
[0mGET /css/profile.css [32m200[0m 8.722 ms - 30[0m
[0mGET /js/layout.js [36m304[0m 1.526 ms - -[0m
[0mGET /js/profile.js [36m304[0m 0.890 ms - -[0m
[0mGET /users/get_all_users [36m304[0m 14.297 ms - -[0m
[0mGET /users/show_all_notes/63fa1f574fac8ac4125c770c [32m200[0m 36.035 ms - 1762[0m
[0mGET /users/profile/63fa1f574fac8ac4125c770c [36m304[0m 10.028 ms - -[0m
[0mGET /css/layout.css [36m304[0m 1.253 ms - -[0m
[0mGET /js/profile.js [36m304[0m 0.687 ms - -[0m
[0mGET /css/profile.css [36m304[0m 2.048 ms - -[0m
[0mGET /js/layout.js [36m304[0m 0.407 ms - -[0m
[0mGET /images/favicon.png [36m304[0m 1.210 ms - -[0m
[0mGET /users/get_all_users [36m304[0m 10.823 ms - -[0m
[0mGET /users/show_all_notes/63fa1f574fac8ac4125c770c [36m304[0m 26.876 ms - -[0m
[0mGET /users/show_single_notes/physics [32m200[0m 60.297 ms - 1441[0m
[0mGET /css/layout.css [36m304[0m 2.948 ms - -[0m
[0mGET /css/notes.css [36m304[0m 1.337 ms - -[0m
[0mGET /js/layout.js [36m304[0m 0.536 ms - -[0m
[0mGET /uploads/notes/Guidelines%20for%20Investment%20Proof%20Submission%20-%20FY%202022-23.pdf1677336435615 [32m200[0m 1.075 ms - 676486[0m
[0mGET /js/notes.js [32m200[0m 9.803 ms - 4156[0m
[0mGET /users/get_number_of_likes/Guidelines%20for%20Investment%20Proof%20Submission%20-%20FY%202022-23.pdf1677336435615 [32m200[0m 9.361 ms - 21[0m
[0mGET /users/get_all_comments/63fa1f734fac8ac4125c7715 [32m200[0m 10.863 ms - 2[0m
[0mGET /users/show_single_notes/physics [32m200[0m 13.746 ms - 1439[0m
[0mGET /css/layout.css [36m304[0m 1.445 ms - -[0m
[0mGET /js/layout.js [36m304[0m 0.974 ms - -[0m
[0mGET /css/notes.css [36m304[0m 3.051 ms - -[0m
[0mGET /js/notes.js [36m304[0m 0.721 ms - -[0m
[0mGET /uploads/notes/Guidelines%20for%20Investment%20Proof%20Submission%20-%20FY%202022-23.pdf1677336435615 [36m304[0m 1.101 ms - -[0m
[0mGET /users/get_number_of_likes/Guidelines%20for%20Investment%20Proof%20Submission%20-%20FY%202022-23.pdf1677336435615 [36m304[0m 11.022 ms - -[0m
[0mGET /users/get_all_comments/63fa1f734fac8ac4125c7715 [36m304[0m 12.832 ms - -[0m
[0mGET /images/favicon.png [36m304[0m 0.565 ms - -[0m
[0mGET /users/profile/63fa1f574fac8ac4125c770c [36m304[0m 8.648 ms - -[0m
[0mGET /css/layout.css [36m304[0m 4.760 ms - -[0m
[0mGET /js/profile.js [36m304[0m 1.178 ms - -[0m
[0mGET /css/profile.css [36m304[0m 5.074 ms - -[0m
[0mGET /js/layout.js [36m304[0m 0.471 ms - -[0m
[0mGET /images/favicon.png [36m304[0m 0.665 ms - -[0m
[0mGET /users/get_all_users [36m304[0m 26.994 ms - -[0m
[0mGET /users/show_all_notes/63fa1f574fac8ac4125c770c [32m200[0m 22.232 ms - 1788[0m
[0mGET /users/profile/63fa1f574fac8ac4125c770c [36m304[0m 7.386 ms - -[0m
[0mGET /css/layout.css [36m304[0m 2.937 ms - -[0m
[0mGET /css/profile.css [36m304[0m 2.394 ms - -[0m
[0mGET /js/profile.js [36m304[0m 1.060 ms - -[0m
[0mGET /js/layout.js [36m304[0m 0.723 ms - -[0m
[0mGET /images/favicon.png [36m304[0m 1.409 ms - -[0m
[0mGET /users/get_all_users [36m304[0m 17.956 ms - -[0m
[0mGET /users/show_all_notes/63fa1f574fac8ac4125c770c [36m304[0m 33.627 ms - -[0m
[0mGET /users/show_single_notes/physics [32m200[0m 9.020 ms - 1461[0m
[0mGET /css/layout.css [36m304[0m 2.089 ms - -[0m
[0mGET /js/layout.js [36m304[0m 0.380 ms - -[0m
[0mGET /js/notes.js [36m304[0m 0.201 ms - -[0m
[0mGET /css/notes.css [36m304[0m 0.470 ms - -[0m
[0mGET /users/get_all_comments/63fa1f734fac8ac4125c7715 [36m304[0m 8.802 ms - -[0m
[0mGET /uploads/notes/Guidelines%20for%20Investment%20Proof%20Submission%20-%20FY%202022-23.pdf1677336435615 [36m304[0m 0.296 ms - -[0m
[0mGET /users/get_number_of_likes/Guidelines%20for%20Investment%20Proof%20Submission%20-%20FY%202022-23.pdf1677336435615 [36m304[0m 10.522 ms - -[0m
[0mGET /users/show_single_notes/physics [32m200[0m 17.019 ms - 1691[0m
[0mGET /css/layout.css [36m304[0m 1.382 ms - -[0m
[0mGET /js/notes.js [36m304[0m 7.915 ms - -[0m
[0mGET /js/layout.js [36m304[0m 0.332 ms - -[0m
[0mGET /css/notes.css [36m304[0m 0.748 ms - -[0m
[0mGET /users/get_all_comments/63fa1f734fac8ac4125c7715 [36m304[0m 10.678 ms - -[0m
[0mGET /users/get_number_of_likes/Guidelines%20for%20Investment%20Proof%20Submission%20-%20FY%202022-23.pdf1677336435615 [36m304[0m 10.244 ms - -[0m
[0mGET /images/favicon.png [36m304[0m 4.617 ms - -[0m
[0mGET /users/show_single_notes/physics [32m200[0m 10.607 ms - 1729[0m
[0mGET /js/notes.js [36m304[0m 3.187 ms - -[0m
[0mGET /css/layout.css [36m304[0m 5.217 ms - -[0m
[0mGET /js/layout.js [36m304[0m 0.423 ms - -[0m
[0mGET /css/notes.css [36m304[0m 1.664 ms - -[0m
[0mGET /uploads/notes/Guidelines%20for%20Investment%20Proof%20Submission%20-%20FY%202022-23.pdf1677336435615 [36m304[0m 0.433 ms - -[0m
[0mGET /users/get_all_comments/63fa1f734fac8ac4125c7715 [36m304[0m 16.884 ms - -[0m
[0mGET /users/get_number_of_likes/Guidelines%20for%20Investment%20Proof%20Submission%20-%20FY%202022-23.pdf1677336435615 [36m304[0m 21.774 ms - -[0m
[0mGET /images/favicon.png [36m304[0m 0.638 ms - -[0m
[0mGET /users/show_single_notes/physics [32m200[0m 11.584 ms - 1752[0m
[0mGET /css/layout.css [36m304[0m 1.106 ms - -[0m
[0mGET /js/notes.js [36m304[0m 1.048 ms - -[0m
[0mGET /css/notes.css [36m304[0m 4.329 ms - -[0m
[0mGET /js/layout.js [36m304[0m 0.553 ms - -[0m
[0mGET /uploads/notes/Guidelines%20for%20Investment%20Proof%20Submission%20-%20FY%202022-23.pdf1677336435615 [36m304[0m 2.114 ms - -[0m
[0mGET /users/get_all_comments/63fa1f734fac8ac4125c7715 [36m304[0m 40.731 ms - -[0m
[0mGET /users/get_number_of_likes/Guidelines%20for%20Investment%20Proof%20Submission%20-%20FY%202022-23.pdf1677336435615 [36m304[0m 41.016 ms - -[0m
[0mGET /images/favicon.png [36m304[0m 0.401 ms - -[0m
[0mGET /users/show_single_notes/physics [36m304[0m 13.827 ms - -[0m
[0mGET /css/layout.css [36m304[0m 0.822 ms - -[0m
[0mGET /js/notes.js [36m304[0m 0.743 ms - -[0m
[0mGET /js/layout.js [36m304[0m 0.511 ms - -[0m
[0mGET /css/notes.css [36m304[0m 1.449 ms - -[0m
[0mGET /uploads/notes/Guidelines%20for%20Investment%20Proof%20Submission%20-%20FY%202022-23.pdf1677336435615 [36m304[0m 0.293 ms - -[0m
[0mGET /users/get_number_of_likes/Guidelines%20for%20Investment%20Proof%20Submission%20-%20FY%202022-23.pdf1677336435615 [36m304[0m 5.581 ms - -[0m
[0mGET /users/get_all_comments/63fa1f734fac8ac4125c7715 [36m304[0m 6.201 ms - -[0m
[0mGET /images/favicon.png [36m304[0m 0.393 ms - -[0m
[0mGET /users/profile/63fa1f574fac8ac4125c770c [36m304[0m 5.685 ms - -[0m
[0mGET /css/layout.css [36m304[0m 0.463 ms - -[0m
[0mGET /js/profile.js [36m304[0m 0.246 ms - -[0m
[0mGET /css/profile.css [36m304[0m 1.291 ms - -[0m
[0mGET /js/layout.js [36m304[0m 0.337 ms - -[0m
[0mGET /users/get_all_users [36m304[0m 10.425 ms - -[0m
[0mGET /images/favicon.png [36m304[0m 2.575 ms - -[0m
[0mGET /users/show_all_notes/63fa1f574fac8ac4125c770c [36m304[0m 31.467 ms - -[0m
[0mGET /users/show_single_notes/physics [36m304[0m 9.931 ms - -[0m
[0mGET /css/layout.css [36m304[0m 1.029 ms - -[0m
[0mGET /js/layout.js [36m304[0m 0.668 ms - -[0m
[0mGET /js/notes.js [36m304[0m 0.483 ms - -[0m
[0mGET /css/notes.css [36m304[0m 0.810 ms - -[0m
[0mGET /uploads/notes/Guidelines%20for%20Investment%20Proof%20Submission%20-%20FY%202022-23.pdf1677336435615 [36m304[0m 2.428 ms - -[0m
[0mGET /users/get_number_of_likes/Guidelines%20for%20Investment%20Proof%20Submission%20-%20FY%202022-23.pdf1677336435615 [36m304[0m 16.561 ms - -[0m
[0mGET /users/get_all_comments/63fa1f734fac8ac4125c7715 [36m304[0m 17.356 ms - -[0m
[0mGET /users/profile/63fa1f574fac8ac4125c770c [36m304[0m 5.476 ms - -[0m
[0mGET /css/layout.css [36m304[0m 0.730 ms - -[0m
[0mGET /js/profile.js [36m304[0m 0.290 ms - -[0m
[0mGET /css/profile.css [36m304[0m 1.235 ms - -[0m
[0mGET /js/layout.js [36m304[0m 0.370 ms - -[0m
[0mGET /images/favicon.png [36m304[0m 0.339 ms - -[0m
[0mGET /users/get_all_users [36m304[0m 6.163 ms - -[0m
[0mGET /users/show_all_notes/63fa1f574fac8ac4125c770c [36m304[0m 38.074 ms - -[0m
[0mGET /users/show_single_notes/physics [36m304[0m 13.086 ms - -[0m
[0mGET /css/layout.css [36m304[0m 0.654 ms - -[0m
[0mGET /js/layout.js [36m304[0m 1.383 ms - -[0m
[0mGET /js/notes.js [36m304[0m 0.648 ms - -[0m
[0mGET /css/notes.css [36m304[0m 2.649 ms - -[0m
[0mGET /uploads/notes/Guidelines%20for%20Investment%20Proof%20Submission%20-%20FY%202022-23.pdf1677336435615 [36m304[0m 0.287 ms - -[0m
[0mGET /users/get_number_of_likes/Guidelines%20for%20Investment%20Proof%20Submission%20-%20FY%202022-23.pdf1677336435615 [36m304[0m 5.710 ms - -[0m
[0mGET /users/get_all_comments/63fa1f734fac8ac4125c7715 [36m304[0m 6.288 ms - -[0m
[0mGET /users/profile/63fa1f574fac8ac4125c770c [36m304[0m 10.452 ms - -[0m
[0mGET /css/layout.css [36m304[0m 0.930 ms - -[0m
[0mGET /js/profile.js [36m304[0m 0.436 ms - -[0m
[0mGET /css/profile.css [36m304[0m 1.359 ms - -[0m
[0mGET /js/layout.js [36m304[0m 0.433 ms - -[0m
[0mGET /images/favicon.png [36m304[0m 1.385 ms - -[0m
[0mGET /users/get_all_users [36m304[0m 12.815 ms - -[0m
[0mGET /users/show_all_notes/63fa1f574fac8ac4125c770c [36m304[0m 19.567 ms - -[0m
[0mGET /users/show_single_notes/physics [36m304[0m 12.226 ms - -[0m
[0mGET /css/layout.css [36m304[0m 1.248 ms - -[0m
[0mGET /js/layout.js [36m304[0m 0.877 ms - -[0m
[0mGET /js/notes.js [36m304[0m 0.588 ms - -[0m
[0mGET /css/notes.css [36m304[0m 0.679 ms - -[0m
[0mGET /uploads/notes/Guidelines%20for%20Investment%20Proof%20Submission%20-%20FY%202022-23.pdf1677336435615 [36m304[0m 1.241 ms - -[0m
[0mGET /users/get_all_comments/63fa1f734fac8ac4125c7715 [36m304[0m 5.215 ms - -[0m
[0mGET /users/get_number_of_likes/Guidelines%20for%20Investment%20Proof%20Submission%20-%20FY%202022-23.pdf1677336435615 [36m304[0m 5.582 ms - -[0m
[0mGET /users/profile/63fa1f574fac8ac4125c770c [36m304[0m 4.354 ms - -[0m
[0mGET /css/layout.css [36m304[0m 2.728 ms - -[0m
[0mGET /css/profile.css [36m304[0m 1.857 ms - -[0m
[0mGET /js/profile.js [36m304[0m 0.663 ms - -[0m
[0mGET /js/layout.js [36m304[0m 0.703 ms - -[0m
[0mGET /images/favicon.png [36m304[0m 0.420 ms - -[0m
[0mGET /users/get_all_users [36m304[0m 13.807 ms - -[0m
[0mGET /users/show_all_notes/63fa1f574fac8ac4125c770c [36m304[0m 20.067 ms - -[0m
[0mGET /users/show_single_notes/chemistry [32m200[0m 13.668 ms - 1512[0m
[0mGET /css/layout.css [36m304[0m 1.317 ms - -[0m
[0mGET /js/notes.js [36m304[0m 0.453 ms - -[0m
[0mGET /js/layout.js [36m304[0m 0.473 ms - -[0m
[0mGET /css/notes.css [36m304[0m 1.049 ms - -[0m
[0mGET /uploads/notes/december.pdf [32m200[0m 13.509 ms - 66892[0m
[0mGET /users/get_number_of_likes/december.pdf [32m200[0m 17.713 ms - 21[0m
[0mGET /users/get_all_comments/63fa1fc1dca951130ef526d6 [32m200[0m 18.301 ms - 2[0m
[0mGET /users/profile/63fa1f574fac8ac4125c770c [36m304[0m 14.873 ms - -[0m
[0mGET /css/layout.css [36m304[0m 1.686 ms - -[0m
[0mGET /js/profile.js [36m304[0m 0.501 ms - -[0m
[0mGET /css/profile.css [36m304[0m 1.096 ms - -[0m
[0mGET /js/layout.js [36m304[0m 0.615 ms - -[0m
[0mGET /images/favicon.png [36m304[0m 1.086 ms - -[0m
[0mGET /users/get_all_users [36m304[0m 6.473 ms - -[0m
[0mGET /users/show_all_notes/63fa1f574fac8ac4125c770c [32m200[0m 16.076 ms - 1814[0m
[0mGET /users/show_single_notes/physics [36m304[0m 14.775 ms - -[0m
[0mGET /css/layout.css [36m304[0m 0.935 ms - -[0m
[0mGET /js/notes.js [36m304[0m 0.465 ms - -[0m
[0mGET /js/layout.js [36m304[0m 0.485 ms - -[0m
[0mGET /css/notes.css [36m304[0m 1.387 ms - -[0m
[0mGET /uploads/notes/Guidelines%20for%20Investment%20Proof%20Submission%20-%20FY%202022-23.pdf1677336435615 [36m304[0m 1.297 ms - -[0m
[0mGET /users/get_all_comments/63fa1f734fac8ac4125c7715 [36m304[0m 7.679 ms - -[0m
[0mGET /users/get_number_of_likes/Guidelines%20for%20Investment%20Proof%20Submission%20-%20FY%202022-23.pdf1677336435615 [36m304[0m 8.164 ms - -[0m
[0mGET /users/profile/63fa1f574fac8ac4125c770c [36m304[0m 5.691 ms - -[0m
[0mGET /css/layout.css [36m304[0m 1.144 ms - -[0m
[0mGET /js/profile.js [36m304[0m 0.281 ms - -[0m
[0mGET /css/profile.css [36m304[0m 1.020 ms - -[0m
[0mGET /js/layout.js [36m304[0m 0.591 ms - -[0m
[0mGET /images/favicon.png [36m304[0m 1.061 ms - -[0m
[0mGET /users/get_all_users [36m304[0m 7.963 ms - -[0m
[0mGET /users/show_all_notes/63fa1f574fac8ac4125c770c [36m304[0m 15.365 ms - -[0m
[0mGET /users/show_single_notes/physics [36m304[0m 6.167 ms - -[0m
[0mGET /css/layout.css [36m304[0m 0.462 ms - -[0m
[0mGET /css/notes.css [36m304[0m 0.602 ms - -[0m
[0mGET /js/notes.js [36m304[0m 0.336 ms - -[0m
[0mGET /js/layout.js [36m304[0m 2.143 ms - -[0m
[0mGET /uploads/notes/Guidelines%20for%20Investment%20Proof%20Submission%20-%20FY%202022-23.pdf1677336435615 [36m304[0m 1.541 ms - -[0m
[0mGET /users/get_all_comments/63fa1f734fac8ac4125c7715 [36m304[0m 34.065 ms - -[0m
[0mGET /users/get_number_of_likes/Guidelines%20for%20Investment%20Proof%20Submission%20-%20FY%202022-23.pdf1677336435615 [36m304[0m 41.290 ms - -[0m
[0mGET /users/profile/63fa1f574fac8ac4125c770c [36m304[0m 7.127 ms - -[0m
[0mGET /css/layout.css [36m304[0m 2.290 ms - -[0m
[0mGET /js/profile.js [36m304[0m 0.647 ms - -[0m
[0mGET /js/layout.js [36m304[0m 0.461 ms - -[0m
[0mGET /css/profile.css [36m304[0m 1.945 ms - -[0m
[0mGET /images/favicon.png [36m304[0m 1.794 ms - -[0m
[0mGET /users/get_all_users [36m304[0m 10.216 ms - -[0m
[0mGET /users/show_all_notes/63fa1f574fac8ac4125c770c [36m304[0m 18.431 ms - -[0m
[0mGET /users/show_single_notes/physics [36m304[0m 9.322 ms - -[0m
[0mGET /css/layout.css [36m304[0m 2.533 ms - -[0m
[0mGET /js/layout.js [36m304[0m 0.684 ms - -[0m
[0mGET /js/notes.js [36m304[0m 0.518 ms - -[0m
[0mGET /css/notes.css [36m304[0m 0.827 ms - -[0m
[0mGET /uploads/notes/Guidelines%20for%20Investment%20Proof%20Submission%20-%20FY%202022-23.pdf1677336435615 [36m304[0m 0.291 ms - -[0m
[0mGET /users/get_number_of_likes/Guidelines%20for%20Investment%20Proof%20Submission%20-%20FY%202022-23.pdf1677336435615 [36m304[0m 8.282 ms - -[0m
[0mGET /users/get_all_comments/63fa1f734fac8ac4125c7715 [36m304[0m 8.502 ms - -[0m
[0mGET /users/profile/63fa1f574fac8ac4125c770c [36m304[0m 4.082 ms - -[0m
[0mGET /css/layout.css [36m304[0m 0.799 ms - -[0m
[0mGET /js/profile.js [36m304[0m 0.865 ms - -[0m
[0mGET /js/layout.js [36m304[0m 0.609 ms - -[0m
[0mGET /css/profile.css [36m304[0m 1.905 ms - -[0m
[0mGET /images/favicon.png [36m304[0m 1.656 ms - -[0m
[0mGET /users/get_all_users [36m304[0m 8.098 ms - -[0m
[0mGET /users/show_all_notes/63fa1f574fac8ac4125c770c [36m304[0m 19.909 ms - -[0m
[0mGET /users/show_single_notes/physics [36m304[0m 13.309 ms - -[0m
[0mGET /css/layout.css [36m304[0m 1.420 ms - -[0m
[0mGET /css/notes.css [36m304[0m 0.435 ms - -[0m
[0mGET /js/notes.js [36m304[0m 1.290 ms - -[0m
[0mGET /js/layout.js [36m304[0m 1.243 ms - -[0m
[0mGET /uploads/notes/Guidelines%20for%20Investment%20Proof%20Submission%20-%20FY%202022-23.pdf1677336435615 [36m304[0m 1.289 ms - -[0m
[0mGET /users/get_number_of_likes/Guidelines%20for%20Investment%20Proof%20Submission%20-%20FY%202022-23.pdf1677336435615 [36m304[0m 8.418 ms - -[0m
[0mGET /users/get_all_comments/63fa1f734fac8ac4125c7715 [36m304[0m 8.664 ms - -[0m
[0mGET /users/profile/63fa1f574fac8ac4125c770c [36m304[0m 7.187 ms - -[0m
[0mGET /css/layout.css [36m304[0m 0.887 ms - -[0m
[0mGET /js/profile.js [36m304[0m 0.912 ms - -[0m
[0mGET /js/layout.js [36m304[0m 0.598 ms - -[0m
[0mGET /css/profile.css [36m304[0m 1.349 ms - -[0m
[0mGET /users/get_all_users [36m304[0m 11.482 ms - -[0m
[0mGET /images/favicon.png [36m304[0m 3.318 ms - -[0m
[0mGET /users/show_all_notes/63fa1f574fac8ac4125c770c [36m304[0m 20.377 ms - -[0m
[0mGET /users/show_single_notes/image [32m200[0m 11.946 ms - 1676[0m
[0mGET /css/layout.css [36m304[0m 1.021 ms - -[0m
[0mGET /js/layout.js [36m304[0m 0.372 ms - -[0m
[0mGET /js/notes.js [36m304[0m 0.252 ms - -[0m
[0mGET /css/notes.css [36m304[0m 0.576 ms - -[0m
[0mGET /uploads/notes/Screenshot%202022-10-03%20at%20121677336801996.15.17%20PM.png [32m200[0m 3.756 ms - 80609[0m
[0mGET /users/get_number_of_likes/Screenshot%202022-10-03%20at%20121677336801996.15.17%20PM.png [32m200[0m 6.253 ms - 21[0m
[0mGET /users/get_all_comments/63fa20e177dd4082c3e17d7c [32m200[0m 6.633 ms - 2[0m
[0mGET /users/profile/63fa1f574fac8ac4125c770c [36m304[0m 8.310 ms - -[0m
[0mGET /css/layout.css [36m304[0m 0.775 ms - -[0m
[0mGET /js/profile.js [36m304[0m 0.363 ms - -[0m
[0mGET /css/profile.css [36m304[0m 1.126 ms - -[0m
[0mGET /js/layout.js [36m304[0m 0.382 ms - -[0m
[0mGET /images/favicon.png [36m304[0m 0.941 ms - -[0m
[0mGET /users/get_all_users [36m304[0m 34.618 ms - -[0m
[0mGET /users/show_all_notes/63fa1f574fac8ac4125c770c [32m200[0m 53.186 ms - 1840[0m
[0mGET /users/logout [36m302[0m 12.828 ms - 70[0m
[0mGET /users/signin [32m200[0m 15.791 ms - 924[0m
[0mGET /js/layout.js [36m304[0m 9.271 ms - -[0m
[0mGET /css/layout.css [36m304[0m 12.908 ms - -[0m
[0mGET /users/signup [36m304[0m 10.865 ms - -[0m
[0mGET /css/layout.css [36m304[0m 2.289 ms - -[0m
[0mGET /js/layout.js [36m304[0m 0.284 ms - -[0m
[0mGET /css/layout.css [36m304[0m 3.909 ms - -[0m
[0mGET /js/layout.js [36m304[0m 0.389 ms - -[0m
[0mPOST /users/create [36m302[0m 36.933 ms - 70[0m
[0mGET /users/signin [32m200[0m 5.927 ms - 1237[0m
[0mGET /js/layout.js [36m304[0m 0.417 ms - -[0m
[0mGET /css/layout.css [36m304[0m 2.160 ms - -[0m
[0mPOST /users/create_session [36m302[0m 9.550 ms - 122[0m
[0mGET /users/profile/63fa230c77dd4082c3e17e92 [32m200[0m 4.463 ms - 1716[0m
[0mGET /css/layout.css [36m304[0m 1.567 ms - -[0m
[0mGET /js/layout.js [36m304[0m 0.551 ms - -[0m
[0mGET /css/profile.css [36m304[0m 0.630 ms - -[0m
[0mGET /js/profile.js [36m304[0m 0.444 ms - -[0m
[0mGET /users/show_all_notes/63fa230c77dd4082c3e17e92 [32m200[0m 6.900 ms - 2[0m
[0mGET /users/get_all_users [32m200[0m 7.473 ms - 55[0m
[0mPOST /users/upload_notes [36m302[0m 168.906 ms - 122[0m
[0mGET /users/profile/63fa230c77dd4082c3e17e92 [32m200[0m 5.710 ms - 1405[0m
[0mGET /css/layout.css [36m304[0m 1.941 ms - -[0m
[0mGET /js/profile.js [36m304[0m 0.415 ms - -[0m
[0mGET /css/profile.css [36m304[0m 0.750 ms - -[0m
[0mGET /js/layout.js [36m304[0m 0.627 ms - -[0m
[0mGET /users/get_all_users [36m304[0m 10.090 ms - -[0m
[0mGET /users/show_all_notes/63fa230c77dd4082c3e17e92 [32m200[0m 10.590 ms - 283[0m
[0mGET /users/show_single_notes/physics [32m200[0m 13.073 ms - 1600[0m
[0mGET /css/layout.css [36m304[0m 1.149 ms - -[0m
[0mGET /js/layout.js [36m304[0m 0.545 ms - -[0m
[0mGET /css/notes.css [36m304[0m 0.793 ms - -[0m
[0mGET /js/notes.js [36m304[0m 0.328 ms - -[0m
[0mGET /uploads/notes/Himanshu_Aggarwal1677337379378.pdf [32m200[0m 1.194 ms - 65783[0m
[0mGET /users/get_all_comments/63fa232377dd4082c3e17e9b [32m200[0m 5.519 ms - 2[0m
[0mGET /users/get_number_of_likes/Himanshu_Aggarwal1677337379378.pdf [32m200[0m 6.984 ms - 21[0m
[0mGET /users/show_single_notes/physics [32m200[0m 12.595 ms - 1754[0m
[0mGET /css/layout.css [36m304[0m 1.327 ms - -[0m
[0mGET /css/notes.css [36m304[0m 8.716 ms - -[0m
[0mGET /js/layout.js [36m304[0m 0.697 ms - -[0m
[0mGET /js/notes.js [36m304[0m 0.581 ms - -[0m
[0mGET /uploads/notes/Himanshu_Aggarwal1677337379378.pdf [36m304[0m 0.751 ms - -[0m
[0mGET /users/get_all_comments/63fa232377dd4082c3e17e9b [36m304[0m 5.594 ms - -[0m
[0mGET /users/get_number_of_likes/Himanshu_Aggarwal1677337379378.pdf [36m304[0m 6.007 ms - -[0m
[0mGET /images/favicon.png [36m304[0m 0.891 ms - -[0m
[0mGET /users/profile/63fa230c77dd4082c3e17e92 [36m304[0m 11.322 ms - -[0m
[0mGET /css/layout.css [36m304[0m 2.393 ms - -[0m
[0mGET /js/profile.js [36m304[0m 0.251 ms - -[0m
[0mGET /css/profile.css [36m304[0m 1.024 ms - -[0m
[0mGET /js/layout.js [36m304[0m 1.008 ms - -[0m
[0mGET /images/favicon.png [36m304[0m 2.437 ms - -[0m
[0mGET /users/get_all_users [36m304[0m 12.222 ms - -[0m
[0mGET /users/show_all_notes/63fa230c77dd4082c3e17e92 [32m200[0m 15.669 ms - 309[0m
[0mPOST /users/upload_notes [36m302[0m 9.768 ms - 122[0m
[0mGET /users/profile/63fa230c77dd4082c3e17e92 [36m304[0m 18.509 ms - -[0m
[0mGET /js/layout.js [36m304[0m 0.813 ms - -[0m
[0mGET /js/profile.js [36m304[0m 0.527 ms - -[0m
[0mGET /css/layout.css [36m304[0m 9.226 ms - -[0m
[0mGET /css/profile.css [36m304[0m 8.033 ms - -[0m
[0mGET /users/get_all_users [36m304[0m 31.669 ms - -[0m
[0mGET /users/show_all_notes/63fa230c77dd4082c3e17e92 [32m200[0m 36.017 ms - 615[0m
[0mGET /users/show_single_notes/chemistry [32m200[0m 7.055 ms - 1869[0m
[0mGET /css/layout.css [36m304[0m 1.531 ms - -[0m
[0mGET /js/layout.js [36m304[0m 0.973 ms - -[0m
[0mGET /js/notes.js [36m304[0m 0.491 ms - -[0m
[0mGET /css/notes.css [36m304[0m 0.827 ms - -[0m
[0mGET /uploads/notes/Guidelines%20for%20Reimbursement%20-FY%202022-231677337613123.pdf [32m200[0m 1.437 ms - 308396[0m
[0mGET /users/get_number_of_likes/Guidelines%20for%20Reimbursement%20-FY%202022-231677337613123.pdf [32m200[0m 17.238 ms - 21[0m
[0mGET /users/get_all_comments/63fa240d77dd4082c3e17ebc [32m200[0m 18.478 ms - 2[0m
[0mGET /users/profile/63fa230c77dd4082c3e17e92 [36m304[0m 10.696 ms - -[0m
[0mGET /css/layout.css [36m304[0m 0.481 ms - -[0m
[0mGET /js/profile.js [36m304[0m 0.276 ms - -[0m
[0mGET /css/profile.css [36m304[0m 1.015 ms - -[0m
[0mGET /js/layout.js [36m304[0m 0.286 ms - -[0m
[0mGET /images/favicon.png [36m304[0m 1.013 ms - -[0m
[0mGET /users/get_all_users [36m304[0m 11.584 ms - -[0m
[0mGET /users/show_all_notes/63fa230c77dd4082c3e17e92 [32m200[0m 19.852 ms - 641[0m
